<?xml version="1.0" encoding="UTF-8"?>
<robot generator="Robot 5.0.1 (Python 3.9.13 on win32)" generated="20220804 10:57:52.825" rpa="false" schemaversion="3">
<suite id="s1" name="Robot Interactive Console" source="c:\Users\bielx\.vscode\extensions\robocorp.robotframework-lsp-0.49.0\src\robotframework_ls\vendored\robotframework_interactive\robot_interactive_console.robot">
<test id="s1-t1" name="Default Task/Test" line="5">
<kw name="Interpreter Main Loop" library="MainLoop">
<kw name="use-robocorp-vault">
<msg timestamp="20220804 10:58:03.497" level="FAIL">No keyword with name 'use-robocorp-vault' found.</msg>
<status status="FAIL" starttime="20220804 10:58:03.497" endtime="20220804 10:58:03.498"/>
</kw>
<status status="PASS" starttime="20220804 10:57:52.889" endtime="20220804 10:58:18.641"/>
</kw>
<status status="PASS" starttime="20220804 10:57:52.888" endtime="20220804 10:58:18.642"/>
</test>
<status status="PASS" starttime="20220804 10:57:52.827" endtime="20220804 10:58:18.643"/>
</suite>
<statistics>
<total>
<stat pass="1" fail="0" skip="0">All Tests</stat>
</total>
<tag>
</tag>
<suite>
<stat pass="1" fail="0" skip="0" id="s1" name="Robot Interactive Console">Robot Interactive Console</stat>
</suite>
</statistics>
<errors>
</errors>
</robot>
